e:\project engineering\迷宫\maze\maze\debug\maze.pch
e:\project engineering\迷宫\maze\maze\debug\vc140.pdb
e:\project engineering\迷宫\maze\maze\debug\vc140.idb
e:\project engineering\迷宫\maze\maze\debug\stdafx.obj
e:\project engineering\迷宫\maze\maze\debug\maze.obj
e:\project engineering\迷宫\maze\maze\debug\mazedlg.obj
e:\project engineering\迷宫\maze\maze\debug\datastruct_function.obj
e:\project engineering\迷宫\maze\maze\debug\manipulation_function.obj
e:\project engineering\迷宫\maze\debug\maze.ilk
e:\project engineering\迷宫\maze\debug\maze.exe
e:\project engineering\迷宫\maze\debug\maze.pdb
e:\project engineering\迷宫\maze\maze\debug\maze.res
e:\project engineering\迷宫\maze\maze\debug\maze.tlog\cl.command.1.tlog
e:\project engineering\迷宫\maze\maze\debug\maze.tlog\cl.read.1.tlog
e:\project engineering\迷宫\maze\maze\debug\maze.tlog\cl.write.1.tlog
e:\project engineering\迷宫\maze\maze\debug\maze.tlog\link.command.1.tlog
e:\project engineering\迷宫\maze\maze\debug\maze.tlog\link.read.1.tlog
e:\project engineering\迷宫\maze\maze\debug\maze.tlog\link.write.1.tlog
e:\project engineering\迷宫\maze\maze\debug\maze.tlog\rc.command.1.tlog
e:\project engineering\迷宫\maze\maze\debug\maze.tlog\rc.read.1.tlog
e:\project engineering\迷宫\maze\maze\debug\maze.tlog\rc.write.1.tlog
